0 info it worked if it ends with ok
1 verbose cli [ '/usr/bin/nodejs', '/usr/bin/npm', 'install' ]
2 info using npm@4.1.2
3 info using node@v7.7.4
4 silly loadCurrentTree Starting
5 silly install loadCurrentTree
6 silly install readLocalPackageData
7 silly install normalizeTree
8 silly loadCurrentTree Finishing
9 silly loadIdealTree Starting
10 silly install loadIdealTree
11 silly cloneCurrentTree Starting
12 silly install cloneCurrentTreeToIdealTree
13 silly cloneCurrentTree Finishing
14 silly loadShrinkwrap Starting
15 silly install loadShrinkwrap
16 silly loadShrinkwrap Finishing
17 silly loadAllDepsIntoIdealTree Starting
18 silly install loadAllDepsIntoIdealTree
19 silly fetchNamedPackageData babel-plugin-add-module-exports
20 silly mapToRegistry name babel-plugin-add-module-exports
21 silly mapToRegistry using default registry
22 silly mapToRegistry registry https://registry.npmjs.org/
23 silly mapToRegistry data Result {
23 silly mapToRegistry   raw: 'babel-plugin-add-module-exports',
23 silly mapToRegistry   scope: null,
23 silly mapToRegistry   escapedName: 'babel-plugin-add-module-exports',
23 silly mapToRegistry   name: 'babel-plugin-add-module-exports',
23 silly mapToRegistry   rawSpec: '',
23 silly mapToRegistry   spec: 'latest',
23 silly mapToRegistry   type: 'tag' }
24 silly mapToRegistry uri https://registry.npmjs.org/babel-plugin-add-module-exports
25 silly fetchNamedPackageData babel-plugin-transform-class-properties
26 silly mapToRegistry name babel-plugin-transform-class-properties
27 silly mapToRegistry using default registry
28 silly mapToRegistry registry https://registry.npmjs.org/
29 silly mapToRegistry data Result {
29 silly mapToRegistry   raw: 'babel-plugin-transform-class-properties',
29 silly mapToRegistry   scope: null,
29 silly mapToRegistry   escapedName: 'babel-plugin-transform-class-properties',
29 silly mapToRegistry   name: 'babel-plugin-transform-class-properties',
29 silly mapToRegistry   rawSpec: '',
29 silly mapToRegistry   spec: 'latest',
29 silly mapToRegistry   type: 'tag' }
30 silly mapToRegistry uri https://registry.npmjs.org/babel-plugin-transform-class-properties
31 silly fetchNamedPackageData babel-plugin-react-html-attrs
32 silly mapToRegistry name babel-plugin-react-html-attrs
33 silly mapToRegistry using default registry
34 silly mapToRegistry registry https://registry.npmjs.org/
35 silly mapToRegistry data Result {
35 silly mapToRegistry   raw: 'babel-plugin-react-html-attrs',
35 silly mapToRegistry   scope: null,
35 silly mapToRegistry   escapedName: 'babel-plugin-react-html-attrs',
35 silly mapToRegistry   name: 'babel-plugin-react-html-attrs',
35 silly mapToRegistry   rawSpec: '',
35 silly mapToRegistry   spec: 'latest',
35 silly mapToRegistry   type: 'tag' }
36 silly mapToRegistry uri https://registry.npmjs.org/babel-plugin-react-html-attrs
37 silly fetchNamedPackageData babel-plugin-transform-decorators-legacy
38 silly mapToRegistry name babel-plugin-transform-decorators-legacy
39 silly mapToRegistry using default registry
40 silly mapToRegistry registry https://registry.npmjs.org/
41 silly mapToRegistry data Result {
41 silly mapToRegistry   raw: 'babel-plugin-transform-decorators-legacy',
41 silly mapToRegistry   scope: null,
41 silly mapToRegistry   escapedName: 'babel-plugin-transform-decorators-legacy',
41 silly mapToRegistry   name: 'babel-plugin-transform-decorators-legacy',
41 silly mapToRegistry   rawSpec: '',
41 silly mapToRegistry   spec: 'latest',
41 silly mapToRegistry   type: 'tag' }
42 silly mapToRegistry uri https://registry.npmjs.org/babel-plugin-transform-decorators-legacy
43 verbose request uri https://registry.npmjs.org/babel-plugin-add-module-exports
44 verbose request no auth needed
45 info attempt registry request try #1 at 10:57:46 PM
46 verbose request id f380a5191c0c03c2
47 verbose etag W/"58e921ee-7464"
48 verbose lastModified Sat, 08 Apr 2017 17:46:22 GMT
49 http request GET https://registry.npmjs.org/babel-plugin-add-module-exports
50 verbose request uri https://registry.npmjs.org/babel-plugin-react-html-attrs
51 verbose request no auth needed
52 info attempt registry request try #1 at 10:57:46 PM
53 verbose etag W/"58d3e482-10e5"
54 verbose lastModified Thu, 23 Mar 2017 15:06:42 GMT
55 http request GET https://registry.npmjs.org/babel-plugin-react-html-attrs
56 verbose request uri https://registry.npmjs.org/babel-plugin-transform-class-properties
57 verbose request no auth needed
58 info attempt registry request try #1 at 10:57:46 PM
59 verbose etag W/"58e7ae05-b193"
60 verbose lastModified Fri, 07 Apr 2017 15:19:33 GMT
61 http request GET https://registry.npmjs.org/babel-plugin-transform-class-properties
62 verbose request uri https://registry.npmjs.org/babel-plugin-transform-decorators-legacy
63 verbose request no auth needed
64 info attempt registry request try #1 at 10:57:46 PM
65 verbose etag W/"58b928b8-4e66"
66 verbose lastModified Fri, 03 Mar 2017 08:26:32 GMT
67 http request GET https://registry.npmjs.org/babel-plugin-transform-decorators-legacy
68 http 304 https://registry.npmjs.org/babel-plugin-add-module-exports
69 verbose headers { date: 'Mon, 17 Apr 2017 17:27:46 GMT',
69 verbose headers   via: '1.1 varnish',
69 verbose headers   'cache-control': 'max-age=300',
69 verbose headers   etag: 'W/"58e921ee-7464"',
69 verbose headers   age: '63',
69 verbose headers   connection: 'keep-alive',
69 verbose headers   'x-served-by': 'cache-lcy1127-LCY',
69 verbose headers   'x-cache': 'HIT',
69 verbose headers   'x-cache-hits': '1',
69 verbose headers   'x-timer': 'S1492450067.688649,VS0,VE0',
69 verbose headers   vary: 'Accept-Encoding' }
70 silly get cb [ 304,
70 silly get   { date: 'Mon, 17 Apr 2017 17:27:46 GMT',
70 silly get     via: '1.1 varnish',
70 silly get     'cache-control': 'max-age=300',
70 silly get     etag: 'W/"58e921ee-7464"',
70 silly get     age: '63',
70 silly get     connection: 'keep-alive',
70 silly get     'x-served-by': 'cache-lcy1127-LCY',
70 silly get     'x-cache': 'HIT',
70 silly get     'x-cache-hits': '1',
70 silly get     'x-timer': 'S1492450067.688649,VS0,VE0',
70 silly get     vary: 'Accept-Encoding' } ]
71 verbose etag https://registry.npmjs.org/babel-plugin-add-module-exports from cache
72 verbose get saving babel-plugin-add-module-exports to /home/santosh-iquip/.npm/registry.npmjs.org/babel-plugin-add-module-exports/.cache.json
73 verbose correctMkdir /home/santosh-iquip/.npm correctMkdir not in flight; initializing
74 http 304 https://registry.npmjs.org/babel-plugin-transform-class-properties
75 verbose headers { date: 'Mon, 17 Apr 2017 17:27:46 GMT',
75 verbose headers   via: '1.1 varnish',
75 verbose headers   'cache-control': 'max-age=300',
75 verbose headers   etag: 'W/"58e7ae05-b193"',
75 verbose headers   age: '3',
75 verbose headers   connection: 'keep-alive',
75 verbose headers   'x-served-by': 'cache-lcy1128-LCY',
75 verbose headers   'x-cache': 'HIT',
75 verbose headers   'x-cache-hits': '2',
75 verbose headers   'x-timer': 'S1492450067.710528,VS0,VE0',
75 verbose headers   vary: 'Accept-Encoding' }
76 silly get cb [ 304,
76 silly get   { date: 'Mon, 17 Apr 2017 17:27:46 GMT',
76 silly get     via: '1.1 varnish',
76 silly get     'cache-control': 'max-age=300',
76 silly get     etag: 'W/"58e7ae05-b193"',
76 silly get     age: '3',
76 silly get     connection: 'keep-alive',
76 silly get     'x-served-by': 'cache-lcy1128-LCY',
76 silly get     'x-cache': 'HIT',
76 silly get     'x-cache-hits': '2',
76 silly get     'x-timer': 'S1492450067.710528,VS0,VE0',
76 silly get     vary: 'Accept-Encoding' } ]
77 verbose etag https://registry.npmjs.org/babel-plugin-transform-class-properties from cache
78 verbose get saving babel-plugin-transform-class-properties to /home/santosh-iquip/.npm/registry.npmjs.org/babel-plugin-transform-class-properties/.cache.json
79 verbose correctMkdir /home/santosh-iquip/.npm correctMkdir already in flight; waiting
80 http 304 https://registry.npmjs.org/babel-plugin-transform-decorators-legacy
81 verbose headers { date: 'Mon, 17 Apr 2017 17:27:46 GMT',
81 verbose headers   via: '1.1 varnish',
81 verbose headers   'cache-control': 'max-age=300',
81 verbose headers   etag: 'W/"58b928b8-4e66"',
81 verbose headers   age: '44',
81 verbose headers   connection: 'keep-alive',
81 verbose headers   'x-served-by': 'cache-lcy1127-LCY',
81 verbose headers   'x-cache': 'HIT',
81 verbose headers   'x-cache-hits': '1',
81 verbose headers   'x-timer': 'S1492450067.714838,VS0,VE1',
81 verbose headers   vary: 'Accept-Encoding' }
82 silly get cb [ 304,
82 silly get   { date: 'Mon, 17 Apr 2017 17:27:46 GMT',
82 silly get     via: '1.1 varnish',
82 silly get     'cache-control': 'max-age=300',
82 silly get     etag: 'W/"58b928b8-4e66"',
82 silly get     age: '44',
82 silly get     connection: 'keep-alive',
82 silly get     'x-served-by': 'cache-lcy1127-LCY',
82 silly get     'x-cache': 'HIT',
82 silly get     'x-cache-hits': '1',
82 silly get     'x-timer': 'S1492450067.714838,VS0,VE1',
82 silly get     vary: 'Accept-Encoding' } ]
83 verbose etag https://registry.npmjs.org/babel-plugin-transform-decorators-legacy from cache
84 verbose get saving babel-plugin-transform-decorators-legacy to /home/santosh-iquip/.npm/registry.npmjs.org/babel-plugin-transform-decorators-legacy/.cache.json
85 verbose correctMkdir /home/santosh-iquip/.npm correctMkdir already in flight; waiting
86 http 304 https://registry.npmjs.org/babel-plugin-react-html-attrs
87 verbose headers { date: 'Mon, 17 Apr 2017 17:27:46 GMT',
87 verbose headers   via: '1.1 varnish',
87 verbose headers   'cache-control': 'max-age=300',
87 verbose headers   etag: 'W/"58d3e482-10e5"',
87 verbose headers   age: '131',
87 verbose headers   connection: 'keep-alive',
87 verbose headers   'x-served-by': 'cache-lcy1133-LCY',
87 verbose headers   'x-cache': 'HIT',
87 verbose headers   'x-cache-hits': '1',
87 verbose headers   'x-timer': 'S1492450067.724839,VS0,VE1',
87 verbose headers   vary: 'Accept-Encoding' }
88 silly get cb [ 304,
88 silly get   { date: 'Mon, 17 Apr 2017 17:27:46 GMT',
88 silly get     via: '1.1 varnish',
88 silly get     'cache-control': 'max-age=300',
88 silly get     etag: 'W/"58d3e482-10e5"',
88 silly get     age: '131',
88 silly get     connection: 'keep-alive',
88 silly get     'x-served-by': 'cache-lcy1133-LCY',
88 silly get     'x-cache': 'HIT',
88 silly get     'x-cache-hits': '1',
88 silly get     'x-timer': 'S1492450067.724839,VS0,VE1',
88 silly get     vary: 'Accept-Encoding' } ]
89 verbose etag https://registry.npmjs.org/babel-plugin-react-html-attrs from cache
90 verbose get saving babel-plugin-react-html-attrs to /home/santosh-iquip/.npm/registry.npmjs.org/babel-plugin-react-html-attrs/.cache.json
91 verbose correctMkdir /home/santosh-iquip/.npm correctMkdir not in flight; initializing
92 silly pickManifestFromRegistryMetadata spec >=6.24.1 <7.0.0 tag latest versions [ '0.0.0',
92 silly pickManifestFromRegistryMetadata   '0.0.1',
92 silly pickManifestFromRegistryMetadata   '0.0.2',
92 silly pickManifestFromRegistryMetadata   '0.0.3',
92 silly pickManifestFromRegistryMetadata   '0.0.4',
92 silly pickManifestFromRegistryMetadata   '0.1.0',
92 silly pickManifestFromRegistryMetadata   '0.1.1',
92 silly pickManifestFromRegistryMetadata   '0.1.2',
92 silly pickManifestFromRegistryMetadata   '0.1.3',
92 silly pickManifestFromRegistryMetadata   '0.1.4',
92 silly pickManifestFromRegistryMetadata   '0.2.0',
92 silly pickManifestFromRegistryMetadata   '0.2.1' ]
93 silly fetchNamedPackageData No valid target from cache, forcing network
94 verbose request uri https://registry.npmjs.org/babel-plugin-add-module-exports
95 verbose request no auth needed
96 info attempt registry request try #1 at 10:57:46 PM
97 http request GET https://registry.npmjs.org/babel-plugin-add-module-exports
98 silly pickManifestFromRegistryMetadata spec >=6.24.1 <7.0.0 tag latest versions [ '6.0.2',
98 silly pickManifestFromRegistryMetadata   '6.0.14',
98 silly pickManifestFromRegistryMetadata   '6.1.4',
98 silly pickManifestFromRegistryMetadata   '6.1.5',
98 silly pickManifestFromRegistryMetadata   '6.1.10',
98 silly pickManifestFromRegistryMetadata   '6.1.17',
98 silly pickManifestFromRegistryMetadata   '6.1.18',
98 silly pickManifestFromRegistryMetadata   '6.1.20',
98 silly pickManifestFromRegistryMetadata   '6.2.2',
98 silly pickManifestFromRegistryMetadata   '6.2.4',
98 silly pickManifestFromRegistryMetadata   '6.3.0',
98 silly pickManifestFromRegistryMetadata   '6.3.2',
98 silly pickManifestFromRegistryMetadata   '6.3.13',
98 silly pickManifestFromRegistryMetadata   '6.4.0',
98 silly pickManifestFromRegistryMetadata   '6.5.0',
98 silly pickManifestFromRegistryMetadata   '6.5.0-1',
98 silly pickManifestFromRegistryMetadata   '6.5.2',
98 silly pickManifestFromRegistryMetadata   '6.6.0',
98 silly pickManifestFromRegistryMetadata   '6.8.0',
98 silly pickManifestFromRegistryMetadata   '6.9.0',
98 silly pickManifestFromRegistryMetadata   '6.9.1',
98 silly pickManifestFromRegistryMetadata   '6.10.2',
98 silly pickManifestFromRegistryMetadata   '6.11.5',
98 silly pickManifestFromRegistryMetadata   '6.16.0',
98 silly pickManifestFromRegistryMetadata   '6.18.0',
98 silly pickManifestFromRegistryMetadata   '6.19.0',
98 silly pickManifestFromRegistryMetadata   '6.22.0',
98 silly pickManifestFromRegistryMetadata   '6.23.0',
98 silly pickManifestFromRegistryMetadata   '7.0.0-alpha.1',
98 silly pickManifestFromRegistryMetadata   '7.0.0-alpha.3',
98 silly pickManifestFromRegistryMetadata   '7.0.0-alpha.7',
98 silly pickManifestFromRegistryMetadata   '6.24.1' ]
99 silly resolveWithNewModule babel-plugin-transform-class-properties@6.24.1 checking installable status
100 silly cache add args [ 'babel-plugin-transform-class-properties@^6.24.1', null ]
101 verbose cache add spec babel-plugin-transform-class-properties@^6.24.1
102 silly cache add parsed spec Result {
102 silly cache add   raw: 'babel-plugin-transform-class-properties@^6.24.1',
102 silly cache add   scope: null,
102 silly cache add   escapedName: 'babel-plugin-transform-class-properties',
102 silly cache add   name: 'babel-plugin-transform-class-properties',
102 silly cache add   rawSpec: '^6.24.1',
102 silly cache add   spec: '>=6.24.1 <7.0.0',
102 silly cache add   type: 'range' }
103 silly addNamed babel-plugin-transform-class-properties@>=6.24.1 <7.0.0
104 verbose addNamed ">=6.24.1 <7.0.0" is a valid semver range for babel-plugin-transform-class-properties
105 silly addNameRange { name: 'babel-plugin-transform-class-properties',
105 silly addNameRange   range: '>=6.24.1 <7.0.0',
105 silly addNameRange   hasData: false }
106 silly mapToRegistry name babel-plugin-transform-class-properties
107 silly mapToRegistry using default registry
108 silly mapToRegistry registry https://registry.npmjs.org/
109 silly mapToRegistry data Result {
109 silly mapToRegistry   raw: 'babel-plugin-transform-class-properties',
109 silly mapToRegistry   scope: null,
109 silly mapToRegistry   escapedName: 'babel-plugin-transform-class-properties',
109 silly mapToRegistry   name: 'babel-plugin-transform-class-properties',
109 silly mapToRegistry   rawSpec: '',
109 silly mapToRegistry   spec: 'latest',
109 silly mapToRegistry   type: 'tag' }
110 silly mapToRegistry uri https://registry.npmjs.org/babel-plugin-transform-class-properties
111 verbose addNameRange registry:https://registry.npmjs.org/babel-plugin-transform-class-properties not in flight; fetching
112 silly pickManifestFromRegistryMetadata spec >=1.3.4 <2.0.0 tag latest versions [ '0.0.0',
112 silly pickManifestFromRegistryMetadata   '1.0.0',
112 silly pickManifestFromRegistryMetadata   '1.1.0',
112 silly pickManifestFromRegistryMetadata   '1.2.0',
112 silly pickManifestFromRegistryMetadata   '1.3.0',
112 silly pickManifestFromRegistryMetadata   '1.3.1',
112 silly pickManifestFromRegistryMetadata   '1.3.2',
112 silly pickManifestFromRegistryMetadata   '1.3.3',
112 silly pickManifestFromRegistryMetadata   '1.3.4' ]
113 silly resolveWithNewModule babel-plugin-transform-decorators-legacy@1.3.4 checking installable status
114 silly cache add args [ 'babel-plugin-transform-decorators-legacy@^1.3.4', null ]
115 verbose cache add spec babel-plugin-transform-decorators-legacy@^1.3.4
116 silly cache add parsed spec Result {
116 silly cache add   raw: 'babel-plugin-transform-decorators-legacy@^1.3.4',
116 silly cache add   scope: null,
116 silly cache add   escapedName: 'babel-plugin-transform-decorators-legacy',
116 silly cache add   name: 'babel-plugin-transform-decorators-legacy',
116 silly cache add   rawSpec: '^1.3.4',
116 silly cache add   spec: '>=1.3.4 <2.0.0',
116 silly cache add   type: 'range' }
117 silly addNamed babel-plugin-transform-decorators-legacy@>=1.3.4 <2.0.0
118 verbose addNamed ">=1.3.4 <2.0.0" is a valid semver range for babel-plugin-transform-decorators-legacy
119 silly addNameRange { name: 'babel-plugin-transform-decorators-legacy',
119 silly addNameRange   range: '>=1.3.4 <2.0.0',
119 silly addNameRange   hasData: false }
120 silly mapToRegistry name babel-plugin-transform-decorators-legacy
121 silly mapToRegistry using default registry
122 silly mapToRegistry registry https://registry.npmjs.org/
123 silly mapToRegistry data Result {
123 silly mapToRegistry   raw: 'babel-plugin-transform-decorators-legacy',
123 silly mapToRegistry   scope: null,
123 silly mapToRegistry   escapedName: 'babel-plugin-transform-decorators-legacy',
123 silly mapToRegistry   name: 'babel-plugin-transform-decorators-legacy',
123 silly mapToRegistry   rawSpec: '',
123 silly mapToRegistry   spec: 'latest',
123 silly mapToRegistry   type: 'tag' }
124 silly mapToRegistry uri https://registry.npmjs.org/babel-plugin-transform-decorators-legacy
125 verbose addNameRange registry:https://registry.npmjs.org/babel-plugin-transform-decorators-legacy not in flight; fetching
126 verbose get https://registry.npmjs.org/babel-plugin-transform-class-properties not expired, no request
127 silly addNameRange number 2 { name: 'babel-plugin-transform-class-properties',
127 silly addNameRange   range: '>=6.24.1 <7.0.0',
127 silly addNameRange   hasData: true }
128 silly addNameRange versions [ 'babel-plugin-transform-class-properties',
128 silly addNameRange   [ '6.0.2',
128 silly addNameRange     '6.0.14',
128 silly addNameRange     '6.1.4',
128 silly addNameRange     '6.1.5',
128 silly addNameRange     '6.1.10',
128 silly addNameRange     '6.1.17',
128 silly addNameRange     '6.1.18',
128 silly addNameRange     '6.1.20',
128 silly addNameRange     '6.2.2',
128 silly addNameRange     '6.2.4',
128 silly addNameRange     '6.3.0',
128 silly addNameRange     '6.3.2',
128 silly addNameRange     '6.3.13',
128 silly addNameRange     '6.4.0',
128 silly addNameRange     '6.5.0',
128 silly addNameRange     '6.5.0-1',
128 silly addNameRange     '6.5.2',
128 silly addNameRange     '6.6.0',
128 silly addNameRange     '6.8.0',
128 silly addNameRange     '6.9.0',
128 silly addNameRange     '6.9.1',
128 silly addNameRange     '6.10.2',
128 silly addNameRange     '6.11.5',
128 silly addNameRange     '6.16.0',
128 silly addNameRange     '6.18.0',
128 silly addNameRange     '6.19.0',
128 silly addNameRange     '6.22.0',
128 silly addNameRange     '6.23.0',
128 silly addNameRange     '7.0.0-alpha.1',
128 silly addNameRange     '7.0.0-alpha.3',
128 silly addNameRange     '7.0.0-alpha.7',
128 silly addNameRange     '6.24.1' ] ]
129 silly pickManifestFromRegistryMetadata spec >=6.24.1 <7.0.0 tag latest versions [ '6.0.2',
129 silly pickManifestFromRegistryMetadata   '6.0.14',
129 silly pickManifestFromRegistryMetadata   '6.1.4',
129 silly pickManifestFromRegistryMetadata   '6.1.5',
129 silly pickManifestFromRegistryMetadata   '6.1.10',
129 silly pickManifestFromRegistryMetadata   '6.1.17',
129 silly pickManifestFromRegistryMetadata   '6.1.18',
129 silly pickManifestFromRegistryMetadata   '6.1.20',
129 silly pickManifestFromRegistryMetadata   '6.2.2',
129 silly pickManifestFromRegistryMetadata   '6.2.4',
129 silly pickManifestFromRegistryMetadata   '6.3.0',
129 silly pickManifestFromRegistryMetadata   '6.3.2',
129 silly pickManifestFromRegistryMetadata   '6.3.13',
129 silly pickManifestFromRegistryMetadata   '6.4.0',
129 silly pickManifestFromRegistryMetadata   '6.5.0',
129 silly pickManifestFromRegistryMetadata   '6.5.0-1',
129 silly pickManifestFromRegistryMetadata   '6.5.2',
129 silly pickManifestFromRegistryMetadata   '6.6.0',
129 silly pickManifestFromRegistryMetadata   '6.8.0',
129 silly pickManifestFromRegistryMetadata   '6.9.0',
129 silly pickManifestFromRegistryMetadata   '6.9.1',
129 silly pickManifestFromRegistryMetadata   '6.10.2',
129 silly pickManifestFromRegistryMetadata   '6.11.5',
129 silly pickManifestFromRegistryMetadata   '6.16.0',
129 silly pickManifestFromRegistryMetadata   '6.18.0',
129 silly pickManifestFromRegistryMetadata   '6.19.0',
129 silly pickManifestFromRegistryMetadata   '6.22.0',
129 silly pickManifestFromRegistryMetadata   '6.23.0',
129 silly pickManifestFromRegistryMetadata   '7.0.0-alpha.1',
129 silly pickManifestFromRegistryMetadata   '7.0.0-alpha.3',
129 silly pickManifestFromRegistryMetadata   '7.0.0-alpha.7',
129 silly pickManifestFromRegistryMetadata   '6.24.1' ]
130 silly addNamed babel-plugin-transform-class-properties@latest
131 verbose addNamed "latest" is being treated as a dist-tag for babel-plugin-transform-class-properties
132 info addNameTag [ 'babel-plugin-transform-class-properties', 'latest' ]
133 silly mapToRegistry name babel-plugin-transform-class-properties
134 silly mapToRegistry using default registry
135 silly mapToRegistry registry https://registry.npmjs.org/
136 silly mapToRegistry data Result {
136 silly mapToRegistry   raw: 'babel-plugin-transform-class-properties',
136 silly mapToRegistry   scope: null,
136 silly mapToRegistry   escapedName: 'babel-plugin-transform-class-properties',
136 silly mapToRegistry   name: 'babel-plugin-transform-class-properties',
136 silly mapToRegistry   rawSpec: '',
136 silly mapToRegistry   spec: 'latest',
136 silly mapToRegistry   type: 'tag' }
137 silly mapToRegistry uri https://registry.npmjs.org/babel-plugin-transform-class-properties
138 verbose addNameTag registry:https://registry.npmjs.org/babel-plugin-transform-class-properties already in flight; waiting
139 silly addNameTag next cb for babel-plugin-transform-class-properties with tag latest
140 silly addNamed babel-plugin-transform-class-properties@6.24.1
141 verbose addNamed "6.24.1" is a plain semver version for babel-plugin-transform-class-properties
142 verbose get https://registry.npmjs.org/babel-plugin-transform-decorators-legacy not expired, no request
143 silly addNameRange number 2 { name: 'babel-plugin-transform-decorators-legacy',
143 silly addNameRange   range: '>=1.3.4 <2.0.0',
143 silly addNameRange   hasData: true }
144 silly addNameRange versions [ 'babel-plugin-transform-decorators-legacy',
144 silly addNameRange   [ '0.0.0',
144 silly addNameRange     '1.0.0',
144 silly addNameRange     '1.1.0',
144 silly addNameRange     '1.2.0',
144 silly addNameRange     '1.3.0',
144 silly addNameRange     '1.3.1',
144 silly addNameRange     '1.3.2',
144 silly addNameRange     '1.3.3',
144 silly addNameRange     '1.3.4' ] ]
145 silly pickManifestFromRegistryMetadata spec >=1.3.4 <2.0.0 tag latest versions [ '0.0.0',
145 silly pickManifestFromRegistryMetadata   '1.0.0',
145 silly pickManifestFromRegistryMetadata   '1.1.0',
145 silly pickManifestFromRegistryMetadata   '1.2.0',
145 silly pickManifestFromRegistryMetadata   '1.3.0',
145 silly pickManifestFromRegistryMetadata   '1.3.1',
145 silly pickManifestFromRegistryMetadata   '1.3.2',
145 silly pickManifestFromRegistryMetadata   '1.3.3',
145 silly pickManifestFromRegistryMetadata   '1.3.4' ]
146 silly addNamed babel-plugin-transform-decorators-legacy@latest
147 verbose addNamed "latest" is being treated as a dist-tag for babel-plugin-transform-decorators-legacy
148 info addNameTag [ 'babel-plugin-transform-decorators-legacy', 'latest' ]
149 silly mapToRegistry name babel-plugin-transform-decorators-legacy
150 silly mapToRegistry using default registry
151 silly mapToRegistry registry https://registry.npmjs.org/
152 silly mapToRegistry data Result {
152 silly mapToRegistry   raw: 'babel-plugin-transform-decorators-legacy',
152 silly mapToRegistry   scope: null,
152 silly mapToRegistry   escapedName: 'babel-plugin-transform-decorators-legacy',
152 silly mapToRegistry   name: 'babel-plugin-transform-decorators-legacy',
152 silly mapToRegistry   rawSpec: '',
152 silly mapToRegistry   spec: 'latest',
152 silly mapToRegistry   type: 'tag' }
153 silly mapToRegistry uri https://registry.npmjs.org/babel-plugin-transform-decorators-legacy
154 verbose addNameTag registry:https://registry.npmjs.org/babel-plugin-transform-decorators-legacy already in flight; waiting
155 silly addNameTag next cb for babel-plugin-transform-decorators-legacy with tag latest
156 silly addNamed babel-plugin-transform-decorators-legacy@1.3.4
157 verbose addNamed "1.3.4" is a plain semver version for babel-plugin-transform-decorators-legacy
158 silly cache afterAdd babel-plugin-transform-class-properties@6.24.1
159 verbose afterAdd /home/santosh-iquip/.npm/babel-plugin-transform-class-properties/6.24.1/package/package.json not in flight; writing
160 verbose correctMkdir /home/santosh-iquip/.npm correctMkdir not in flight; initializing
161 silly pickManifestFromRegistryMetadata spec >=2.0.0 <3.0.0 tag latest versions [ '1.0.0', '2.0.0' ]
162 silly resolveWithNewModule babel-plugin-react-html-attrs@2.0.0 checking installable status
163 silly cache add args [ 'babel-plugin-react-html-attrs@^2.0.0', null ]
164 verbose cache add spec babel-plugin-react-html-attrs@^2.0.0
165 silly cache add parsed spec Result {
165 silly cache add   raw: 'babel-plugin-react-html-attrs@^2.0.0',
165 silly cache add   scope: null,
165 silly cache add   escapedName: 'babel-plugin-react-html-attrs',
165 silly cache add   name: 'babel-plugin-react-html-attrs',
165 silly cache add   rawSpec: '^2.0.0',
165 silly cache add   spec: '>=2.0.0 <3.0.0',
165 silly cache add   type: 'range' }
166 silly addNamed babel-plugin-react-html-attrs@>=2.0.0 <3.0.0
167 verbose addNamed ">=2.0.0 <3.0.0" is a valid semver range for babel-plugin-react-html-attrs
168 silly addNameRange { name: 'babel-plugin-react-html-attrs',
168 silly addNameRange   range: '>=2.0.0 <3.0.0',
168 silly addNameRange   hasData: false }
169 silly mapToRegistry name babel-plugin-react-html-attrs
170 silly mapToRegistry using default registry
171 silly mapToRegistry registry https://registry.npmjs.org/
172 silly mapToRegistry data Result {
172 silly mapToRegistry   raw: 'babel-plugin-react-html-attrs',
172 silly mapToRegistry   scope: null,
172 silly mapToRegistry   escapedName: 'babel-plugin-react-html-attrs',
172 silly mapToRegistry   name: 'babel-plugin-react-html-attrs',
172 silly mapToRegistry   rawSpec: '',
172 silly mapToRegistry   spec: 'latest',
172 silly mapToRegistry   type: 'tag' }
173 silly mapToRegistry uri https://registry.npmjs.org/babel-plugin-react-html-attrs
174 verbose addNameRange registry:https://registry.npmjs.org/babel-plugin-react-html-attrs not in flight; fetching
175 silly cache afterAdd babel-plugin-transform-decorators-legacy@1.3.4
176 verbose afterAdd /home/santosh-iquip/.npm/babel-plugin-transform-decorators-legacy/1.3.4/package/package.json not in flight; writing
177 verbose correctMkdir /home/santosh-iquip/.npm correctMkdir not in flight; initializing
178 verbose get https://registry.npmjs.org/babel-plugin-react-html-attrs not expired, no request
179 silly addNameRange number 2 { name: 'babel-plugin-react-html-attrs',
179 silly addNameRange   range: '>=2.0.0 <3.0.0',
179 silly addNameRange   hasData: true }
180 silly addNameRange versions [ 'babel-plugin-react-html-attrs', [ '1.0.0', '2.0.0' ] ]
181 silly pickManifestFromRegistryMetadata spec >=2.0.0 <3.0.0 tag latest versions [ '1.0.0', '2.0.0' ]
182 silly addNamed babel-plugin-react-html-attrs@latest
183 verbose addNamed "latest" is being treated as a dist-tag for babel-plugin-react-html-attrs
184 info addNameTag [ 'babel-plugin-react-html-attrs', 'latest' ]
185 silly mapToRegistry name babel-plugin-react-html-attrs
186 silly mapToRegistry using default registry
187 silly mapToRegistry registry https://registry.npmjs.org/
188 silly mapToRegistry data Result {
188 silly mapToRegistry   raw: 'babel-plugin-react-html-attrs',
188 silly mapToRegistry   scope: null,
188 silly mapToRegistry   escapedName: 'babel-plugin-react-html-attrs',
188 silly mapToRegistry   name: 'babel-plugin-react-html-attrs',
188 silly mapToRegistry   rawSpec: '',
188 silly mapToRegistry   spec: 'latest',
188 silly mapToRegistry   type: 'tag' }
189 silly mapToRegistry uri https://registry.npmjs.org/babel-plugin-react-html-attrs
190 verbose addNameTag registry:https://registry.npmjs.org/babel-plugin-react-html-attrs already in flight; waiting
191 silly addNameTag next cb for babel-plugin-react-html-attrs with tag latest
192 silly addNamed babel-plugin-react-html-attrs@2.0.0
193 verbose addNamed "2.0.0" is a plain semver version for babel-plugin-react-html-attrs
194 silly cache afterAdd babel-plugin-react-html-attrs@2.0.0
195 verbose afterAdd /home/santosh-iquip/.npm/babel-plugin-react-html-attrs/2.0.0/package/package.json not in flight; writing
196 verbose correctMkdir /home/santosh-iquip/.npm correctMkdir not in flight; initializing
197 verbose afterAdd /home/santosh-iquip/.npm/babel-plugin-transform-class-properties/6.24.1/package/package.json written
198 verbose afterAdd /home/santosh-iquip/.npm/babel-plugin-transform-decorators-legacy/1.3.4/package/package.json written
199 verbose afterAdd /home/santosh-iquip/.npm/babel-plugin-react-html-attrs/2.0.0/package/package.json written
200 http 200 https://registry.npmjs.org/babel-plugin-add-module-exports
201 verbose headers { server: 'nginx/1.10.1',
201 verbose headers   'content-type': 'application/json',
201 verbose headers   'last-modified': 'Sat, 08 Apr 2017 17:46:22 GMT',
201 verbose headers   etag: 'W/"58e921ee-7464"',
201 verbose headers   'content-encoding': 'gzip',
201 verbose headers   'cache-control': 'max-age=300',
201 verbose headers   'content-length': '4135',
201 verbose headers   'accept-ranges': 'bytes',
201 verbose headers   date: 'Mon, 17 Apr 2017 17:27:46 GMT',
201 verbose headers   via: '1.1 varnish',
201 verbose headers   age: '63',
201 verbose headers   connection: 'keep-alive',
201 verbose headers   'x-served-by': 'cache-lcy1127-LCY',
201 verbose headers   'x-cache': 'HIT',
201 verbose headers   'x-cache-hits': '2',
201 verbose headers   'x-timer': 'S1492450067.885493,VS0,VE0',
201 verbose headers   vary: 'Accept-Encoding' }
202 silly get cb [ 200,
202 silly get   { server: 'nginx/1.10.1',
202 silly get     'content-type': 'application/json',
202 silly get     'last-modified': 'Sat, 08 Apr 2017 17:46:22 GMT',
202 silly get     etag: 'W/"58e921ee-7464"',
202 silly get     'content-encoding': 'gzip',
202 silly get     'cache-control': 'max-age=300',
202 silly get     'content-length': '4135',
202 silly get     'accept-ranges': 'bytes',
202 silly get     date: 'Mon, 17 Apr 2017 17:27:46 GMT',
202 silly get     via: '1.1 varnish',
202 silly get     age: '63',
202 silly get     connection: 'keep-alive',
202 silly get     'x-served-by': 'cache-lcy1127-LCY',
202 silly get     'x-cache': 'HIT',
202 silly get     'x-cache-hits': '2',
202 silly get     'x-timer': 'S1492450067.885493,VS0,VE0',
202 silly get     vary: 'Accept-Encoding' } ]
203 verbose get saving babel-plugin-add-module-exports to /home/santosh-iquip/.npm/registry.npmjs.org/babel-plugin-add-module-exports/.cache.json
204 verbose correctMkdir /home/santosh-iquip/.npm correctMkdir not in flight; initializing
205 silly pickManifestFromRegistryMetadata spec >=6.24.1 <7.0.0 tag latest versions [ '0.0.0',
205 silly pickManifestFromRegistryMetadata   '0.0.1',
205 silly pickManifestFromRegistryMetadata   '0.0.2',
205 silly pickManifestFromRegistryMetadata   '0.0.3',
205 silly pickManifestFromRegistryMetadata   '0.0.4',
205 silly pickManifestFromRegistryMetadata   '0.1.0',
205 silly pickManifestFromRegistryMetadata   '0.1.1',
205 silly pickManifestFromRegistryMetadata   '0.1.2',
205 silly pickManifestFromRegistryMetadata   '0.1.3',
205 silly pickManifestFromRegistryMetadata   '0.1.4',
205 silly pickManifestFromRegistryMetadata   '0.2.0',
205 silly pickManifestFromRegistryMetadata   '0.2.1' ]
206 silly fetchPackageMetaData Error: No compatible version found: babel-plugin-add-module-exports@^6.24.1
206 silly fetchPackageMetaData Valid install targets:
206 silly fetchPackageMetaData 0.0.0, 0.0.1, 0.0.2, 0.0.3, 0.0.4, 0.1.0, 0.1.1, 0.1.2, 0.1.3, 0.1.4, 0.2.0, 0.2.1
206 silly fetchPackageMetaData
206 silly fetchPackageMetaData     at pickVersionFromRegistryDocument (/usr/lib/node_modules/npm/lib/fetch-package-metadata.js:158:16)
206 silly fetchPackageMetaData     at /usr/lib/node_modules/npm/node_modules/iferr/index.js:13:50
206 silly fetchPackageMetaData     at /usr/lib/node_modules/npm/lib/utils/pulse-till-done.js:20:8
206 silly fetchPackageMetaData     at saved (/usr/lib/node_modules/npm/lib/cache/caching-client.js:174:7)
206 silly fetchPackageMetaData     at /usr/lib/node_modules/npm/node_modules/graceful-fs/polyfills.js:261:18
206 silly fetchPackageMetaData     at FSReqWrap.oncomplete (fs.js:114:15)
206 silly fetchPackageMetaData  error for babel-plugin-add-module-exports@^6.24.1 { Error: No compatible version found: babel-plugin-add-module-exports@^6.24.1
206 silly fetchPackageMetaData Valid install targets:
206 silly fetchPackageMetaData 0.0.0, 0.0.1, 0.0.2, 0.0.3, 0.0.4, 0.1.0, 0.1.1, 0.1.2, 0.1.3, 0.1.4, 0.2.0, 0.2.1
206 silly fetchPackageMetaData
206 silly fetchPackageMetaData     at pickVersionFromRegistryDocument (/usr/lib/node_modules/npm/lib/fetch-package-metadata.js:158:16)
206 silly fetchPackageMetaData     at /usr/lib/node_modules/npm/node_modules/iferr/index.js:13:50
206 silly fetchPackageMetaData     at /usr/lib/node_modules/npm/lib/utils/pulse-till-done.js:20:8
206 silly fetchPackageMetaData     at saved (/usr/lib/node_modules/npm/lib/cache/caching-client.js:174:7)
206 silly fetchPackageMetaData     at /usr/lib/node_modules/npm/node_modules/graceful-fs/polyfills.js:261:18
206 silly fetchPackageMetaData     at FSReqWrap.oncomplete (fs.js:114:15) code: 'ETARGET' }
207 silly rollbackFailedOptional Starting
208 silly rollbackFailedOptional Finishing
209 silly runTopLevelLifecycles Finishing
210 silly install printInstalled
211 verbose stack Error: No compatible version found: babel-plugin-add-module-exports@^6.24.1
211 verbose stack Valid install targets:
211 verbose stack 0.0.0, 0.0.1, 0.0.2, 0.0.3, 0.0.4, 0.1.0, 0.1.1, 0.1.2, 0.1.3, 0.1.4, 0.2.0, 0.2.1
211 verbose stack
211 verbose stack     at pickVersionFromRegistryDocument (/usr/lib/node_modules/npm/lib/fetch-package-metadata.js:158:16)
211 verbose stack     at /usr/lib/node_modules/npm/node_modules/iferr/index.js:13:50
211 verbose stack     at /usr/lib/node_modules/npm/lib/utils/pulse-till-done.js:20:8
211 verbose stack     at saved (/usr/lib/node_modules/npm/lib/cache/caching-client.js:174:7)
211 verbose stack     at /usr/lib/node_modules/npm/node_modules/graceful-fs/polyfills.js:261:18
211 verbose stack     at FSReqWrap.oncomplete (fs.js:114:15)
212 verbose cwd /home/santosh-iquip/learnreact/LearnReact-master
213 error Linux 4.4.0-66-generic
214 error argv "/usr/bin/nodejs" "/usr/bin/npm" "install"
215 error node v7.7.4
216 error npm  v4.1.2
217 error code ETARGET
218 error notarget No compatible version found: babel-plugin-add-module-exports@^6.24.1
218 error notarget Valid install targets:
218 error notarget 0.0.0, 0.0.1, 0.0.2, 0.0.3, 0.0.4, 0.1.0, 0.1.1, 0.1.2, 0.1.3, 0.1.4, 0.2.0, 0.2.1
219 error notarget This is most likely not a problem with npm itself.
219 error notarget In most cases you or one of your dependencies are requesting
219 error notarget a package version that doesn't exist.
219 error notarget
219 error notarget It was specified as a dependency of 'LearnReact'
220 verbose exit [ 1, true ]
